This is pdfTeX, Version 3.1415926-2.3-1.40.12 (MiKTeX 2.9) (preloaded format=pdflatex 2017.7.4)  6 SEP 2018 02:38
entering extended mode
**I:/GithubCodes/LaTeXFile/LaTeXFile/table.tex
(I:/GithubCodes/LaTeXFile/LaTeXFile/table.tex
LaTeX2e <2011/06/27>
Babel <v3.8m> and hyphenation patterns for loaded.
(C:\CTEX\MiKTeX\tex\latex\base\article.cls
Document Class: article 2007/10/19 v1.4h Standard LaTeX document class
(C:\CTEX\MiKTeX\tex\latex\base\size10.clo
File: size10.clo 2007/10/19 v1.4h Standard LaTeX file (size option)
)
\c@part=\count79
\c@section=\count80
\c@subsection=\count81
\c@subsubsection=\count82
\c@paragraph=\count83
\c@subparagraph=\count84
\c@figure=\count85
\c@table=\count86
\abovecaptionskip=\skip41
\belowcaptionskip=\skip42
\bibindent=\dimen102
)
(C:\CTEX\MiKTeX\tex\latex\multirow\multirow.sty
\bigstrutjot=\dimen103
)
(C:\CTEX\MiKTeX\tex\latex\ams\math\amsmath.sty
Package: amsmath 2000/07/18 v2.13 AMS math features
\@mathmargin=\skip43

For additional information on amsmath, use the `?' option.
(C:\CTEX\MiKTeX\tex\latex\ams\math\amstext.sty
Package: amstext 2000/06/29 v2.01

(C:\CTEX\MiKTeX\tex\latex\ams\math\amsgen.sty
File: amsgen.sty 1999/11/30 v2.0
\@emptytoks=\toks14
\ex@=\dimen104
))
(C:\CTEX\MiKTeX\tex\latex\ams\math\amsbsy.sty
Package: amsbsy 1999/11/29 v1.2d
\pmbraise@=\dimen105
)
(C:\CTEX\MiKTeX\tex\latex\ams\math\amsopn.sty
Package: amsopn 1999/12/14 v2.01 operator names
)
\inf@bad=\count87
LaTeX Info: Redefining \frac on input line 211.
\uproot@=\count88
\leftroot@=\count89
LaTeX Info: Redefining \overline on input line 307.
\classnum@=\count90
\DOTSCASE@=\count91
LaTeX Info: Redefining \ldots on input line 379.
LaTeX Info: Redefining \dots on input line 382.
LaTeX Info: Redefining \cdots on input line 467.
\Mathstrutbox@=\box26
\strutbox@=\box27
\big@size=\dimen106
LaTeX Font Info:    Redeclaring font encoding OML on input line 567.
LaTeX Font Info:    Redeclaring font encoding OMS on input line 568.
\macc@depth=\count92
\c@MaxMatrixCols=\count93
\dotsspace@=\muskip10
\c@parentequation=\count94
\dspbrk@lvl=\count95
\tag@help=\toks15
\row@=\count96
\column@=\count97
\maxfields@=\count98
\andhelp@=\toks16
\eqnshift@=\dimen107
\alignsep@=\dimen108
\tagshift@=\dimen109
\tagwidth@=\dimen110
\totwidth@=\dimen111
\lineht@=\dimen112
\@envbody=\toks17
\multlinegap=\skip44
\multlinetaggap=\skip45
\mathdisplay@stack=\toks18
LaTeX Info: Redefining \[ on input line 2666.
LaTeX Info: Redefining \] on input line 2667.
)
(C:\CTEX\MiKTeX\tex\latex\amsfonts\amsfonts.sty
Package: amsfonts 2009/06/22 v3.00 Basic AMSFonts support
\symAMSa=\mathgroup4
\symAMSb=\mathgroup5
LaTeX Font Info:    Overwriting math alphabet `\mathfrak' in version `bold'
(Font)                  U/euf/m/n --> U/euf/b/n on input line 96.
)
(C:\CTEX\MiKTeX\tex\latex\booktabs\booktabs.sty
Package: booktabs 2005/04/14 v1.61803 publication quality tables
\heavyrulewidth=\dimen113
\lightrulewidth=\dimen114
\cmidrulewidth=\dimen115
\belowrulesep=\dimen116
\belowbottomsep=\dimen117
\aboverulesep=\dimen118
\abovetopsep=\dimen119
\cmidrulesep=\dimen120
\cmidrulekern=\dimen121
\defaultaddspace=\dimen122
\@cmidla=\count99
\@cmidlb=\count100
\@aboverulesep=\dimen123
\@belowrulesep=\dimen124
\@thisruleclass=\count101
\@lastruleclass=\count102
\@thisrulewidth=\dimen125
)
(C:\CTEX\MiKTeX\tex\latex\tools\array.sty
Package: array 2008/09/09 v2.4c Tabular extension package (FMi)
\col@sep=\dimen126
\extrarowheight=\dimen127
\NC@list=\toks19
\extratabsurround=\skip46
\backup@length=\skip47
)
(C:\CTEX\MiKTeX\tex\latex\psnfss\times.sty
Package: times 2005/04/12 PSNFSS-v9.2a (SPQR) 
)
(C:\CTEX\MiKTeX\tex\latex\psnfss\helvet.sty
Package: helvet 2005/04/12 PSNFSS-v9.2a (WaS) 

(C:\CTEX\MiKTeX\tex\latex\graphics\keyval.sty
Package: keyval 1999/03/16 v1.13 key=value parser (DPC)
\KV@toks@=\toks20
))
(C:\CTEX\MiKTeX\tex\latex\psnfss\courier.sty
Package: courier 2005/04/12 PSNFSS-v9.2a (WaS) 
)
(C:\CTEX\MiKTeX\tex\latex\ltxmisc\url.sty
\Urlmuskip=\muskip11
Package: url 2006/04/12  ver 3.3  Verb mode for urls, etc.
)
(C:\CTEX\MiKTeX\tex\latex\graphics\graphicx.sty
Package: graphicx 1999/02/16 v1.0f Enhanced LaTeX Graphics (DPC,SPQR)

(C:\CTEX\MiKTeX\tex\latex\graphics\graphics.sty
Package: graphics 2009/02/05 v1.0o Standard LaTeX Graphics (DPC,SPQR)

(C:\CTEX\MiKTeX\tex\latex\graphics\trig.sty
Package: trig 1999/03/16 v1.09 sin cos tan (DPC)
)
(C:\CTEX\MiKTeX\tex\latex\00miktex\graphics.cfg
File: graphics.cfg 2007/01/18 v1.5 graphics configuration of teTeX/TeXLive
)
Package graphics Info: Driver file: pdftex.def on input line 91.

(C:\CTEX\MiKTeX\tex\latex\pdftex-def\pdftex.def
File: pdftex.def 2011/05/27 v0.06d Graphics/color for pdfTeX

(C:\CTEX\MiKTeX\tex\generic\oberdiek\infwarerr.sty
Package: infwarerr 2010/04/08 v1.3 Providing info/warning/message (HO)
)
(C:\CTEX\MiKTeX\tex\generic\oberdiek\ltxcmds.sty
Package: ltxcmds 2011/04/18 v1.20 LaTeX kernel commands for general use (HO)
)
\Gread@gobject=\count103
))
\Gin@req@height=\dimen128
\Gin@req@width=\dimen129
)
(I:\GithubCodes\LaTeXFile\LaTeXFile\table.aux

LaTeX Warning: Label `tab:ratingresult' multiply defined.


LaTeX Warning: Label `tab:datasets' multiply defined.


LaTeX Warning: Label `tab:ratingresult' multiply defined.


LaTeX Warning: Label `tab:ratingresult' multiply defined.


LaTeX Warning: Label `tab:ratingresult' multiply defined.


LaTeX Warning: Label `tab:ratingresult' multiply defined.

)
LaTeX Font Info:    Checking defaults for OML/cmm/m/it on input line 34.
LaTeX Font Info:    ... okay on input line 34.
LaTeX Font Info:    Checking defaults for T1/cmr/m/n on input line 34.
LaTeX Font Info:    ... okay on input line 34.
LaTeX Font Info:    Checking defaults for OT1/cmr/m/n on input line 34.
LaTeX Font Info:    ... okay on input line 34.
LaTeX Font Info:    Checking defaults for OMS/cmsy/m/n on input line 34.
LaTeX Font Info:    ... okay on input line 34.
LaTeX Font Info:    Checking defaults for OMX/cmex/m/n on input line 34.
LaTeX Font Info:    ... okay on input line 34.
LaTeX Font Info:    Checking defaults for U/cmr/m/n on input line 34.
LaTeX Font Info:    ... okay on input line 34.
LaTeX Font Info:    Try loading font information for OT1+ptm on input line 34.
 (C:\CTEX\MiKTeX\tex\latex\psnfss\ot1ptm.fd
File: ot1ptm.fd 2001/06/04 font definitions for OT1/ptm.
)
(C:\CTEX\MiKTeX\tex\context\base\supp-pdf.mkii
[Loading MPS to PDF converter (version 2006.09.02).]
\scratchcounter=\count104
\scratchdimen=\dimen130
\scratchbox=\box28
\nofMPsegments=\count105
\nofMParguments=\count106
\everyMPshowfont=\toks21
\MPscratchCnt=\count107
\MPscratchDim=\dimen131
\MPnumerator=\count108
\makeMPintoPDFobject=\count109
\everyMPtoPDFconversion=\toks22
)
LaTeX Font Info:    Try loading font information for U+msa on input line 41.
 (C:\CTEX\MiKTeX\tex\latex\amsfonts\umsa.fd
File: umsa.fd 2009/06/22 v3.00 AMS symbols A
)
LaTeX Font Info:    Try loading font information for U+msb on input line 41.

(C:\CTEX\MiKTeX\tex\latex\amsfonts\umsb.fd
File: umsb.fd 2009/06/22 v3.00 AMS symbols B
)
LaTeX Font Info:    Font shape `OT1/ptm/bx/n' in size <14.4> not available
(Font)              Font shape `OT1/ptm/b/n' tried instead on input line 44.
LaTeX Font Info:    Font shape `OT1/ptm/bx/n' in size <12> not available
(Font)              Font shape `OT1/ptm/b/n' tried instead on input line 45.
LaTeX Font Info:    Font shape `OT1/ptm/bx/n' in size <10> not available
(Font)              Font shape `OT1/ptm/b/n' tried instead on input line 46.
 [1

{C:/CTEX/UserData/pdftex/config/pdftex.map{Unicode.sfd}{UGBK.sfd}}]
Overfull \hbox (3.6138pt too wide) in paragraph at lines 293--293
 []|\OT1/ptm/m/n/5 Dataset| 
 []


Overfull \hbox (1.59898pt too wide) in paragraph at lines 294--294
 []|[]| 
 []


Overfull \hbox (5.07948pt too wide) in paragraph at lines 294--294
[]|$\OT1/cmr/m/n/5 0\OML/cmm/m/it/5 :\OT1/cmr/m/n/5 6661$| 
 []


Overfull \hbox (5.07948pt too wide) in paragraph at lines 294--294
[]|$\OT1/cmr/m/n/5 0\OML/cmm/m/it/5 :\OT1/cmr/m/n/5 6856$| 
 []


Overfull \hbox (5.07948pt too wide) in paragraph at lines 294--294
[]|$\OT1/cmr/m/n/5 0\OML/cmm/m/it/5 :\OT1/cmr/m/n/5 8391$| 
 []


Overfull \hbox (5.07948pt too wide) in paragraph at lines 296--296
[]|$\OT1/cmr/m/n/5 0\OML/cmm/m/it/5 :\OT1/cmr/m/n/5 6990$| 
 []


Overfull \hbox (0.91457pt too wide) in paragraph at lines 296--296
[]|$\OT1/cmr/m/n/5 4\OML/cmm/m/it/5 :\OT1/cmr/m/n/5 94%$| 
 []


Overfull \hbox (5.07948pt too wide) in paragraph at lines 296--296
[]|$\OT1/cmr/m/n/5 0\OML/cmm/m/it/5 :\OT1/cmr/m/n/5 7107$| 
 []


Overfull \hbox (0.91457pt too wide) in paragraph at lines 296--296
[]|$\OT1/cmr/m/n/5 3\OML/cmm/m/it/5 :\OT1/cmr/m/n/5 67%$| 
 []


Overfull \hbox (5.07948pt too wide) in paragraph at lines 296--296
[]|$\OT1/cmr/m/n/5 0\OML/cmm/m/it/5 :\OT1/cmr/m/n/5 8745$| 
 []


Overfull \hbox (0.91457pt too wide) in paragraph at lines 296--298
[]|$\OT1/cmr/m/n/5 4\OML/cmm/m/it/5 :\OT1/cmr/m/n/5 23%$| 
 []


Overfull \hbox (5.07948pt too wide) in paragraph at lines 298--298
[]|$\OT1/cmr/m/n/5 0\OML/cmm/m/it/5 :\OT1/cmr/m/n/5 6043$| 
 []


Overfull \hbox (5.07948pt too wide) in paragraph at lines 298--298
[]|$\OT1/cmr/m/n/5 0\OML/cmm/m/it/5 :\OT1/cmr/m/n/5 5003$| 
 []


Overfull \hbox (5.07948pt too wide) in paragraph at lines 298--298
[]|$\OT1/cmr/m/n/5 0\OML/cmm/m/it/5 :\OT1/cmr/m/n/5 7506$| 
 []


Overfull \hbox (5.07948pt too wide) in paragraph at lines 300--300
[]|$\OT1/cmr/m/n/5 0\OML/cmm/m/it/5 :\OT1/cmr/m/n/5 6129$| 
 []


Overfull \hbox (0.91457pt too wide) in paragraph at lines 300--300
[]|$\OT1/cmr/m/n/5 1\OML/cmm/m/it/5 :\OT1/cmr/m/n/5 43%$| 
 []


Overfull \hbox (5.07948pt too wide) in paragraph at lines 300--300
[]|$\OT1/cmr/m/n/5 0\OML/cmm/m/it/5 :\OT1/cmr/m/n/5 5027$| 
 []


Overfull \hbox (0.91457pt too wide) in paragraph at lines 300--300
[]|$\OT1/cmr/m/n/5 0\OML/cmm/m/it/5 :\OT1/cmr/m/n/5 48%$| 
 []


Overfull \hbox (5.07948pt too wide) in paragraph at lines 300--300
[]|$\OT1/cmr/m/n/5 0\OML/cmm/m/it/5 :\OT1/cmr/m/n/5 7559$| 
 []


Overfull \hbox (0.91457pt too wide) in paragraph at lines 300--302
[]|$\OT1/cmr/m/n/5 0\OML/cmm/m/it/5 :\OT1/cmr/m/n/5 71%$| 
 []


Overfull \hbox (5.07948pt too wide) in paragraph at lines 302--302
[]|$\OT1/cmr/m/n/5 0\OML/cmm/m/it/5 :\OT1/cmr/m/n/5 6453$| 
 []


Overfull \hbox (5.07948pt too wide) in paragraph at lines 302--302
[]|$\OT1/cmr/m/n/5 0\OML/cmm/m/it/5 :\OT1/cmr/m/n/5 8990$| 
 []


Overfull \hbox (5.07948pt too wide) in paragraph at lines 302--302
[]|$\OT1/cmr/m/n/5 0\OML/cmm/m/it/5 :\OT1/cmr/m/n/5 5761$| 
 []


Overfull \hbox (5.07948pt too wide) in paragraph at lines 304--304
[]|$\OT1/cmr/m/n/5 0\OML/cmm/m/it/5 :\OT1/cmr/m/n/5 6516$| 
 []


Overfull \hbox (0.91457pt too wide) in paragraph at lines 304--304
[]|$\OT1/cmr/m/n/5 0\OML/cmm/m/it/5 :\OT1/cmr/m/n/5 98%$| 
 []


Overfull \hbox (5.07948pt too wide) in paragraph at lines 304--304
[]|$\OT1/cmr/m/n/5 0\OML/cmm/m/it/5 :\OT1/cmr/m/n/5 8994$| 
 []


Overfull \hbox (0.91457pt too wide) in paragraph at lines 304--304
[]|$\OT1/cmr/m/n/5 0\OML/cmm/m/it/5 :\OT1/cmr/m/n/5 04%$| 
 []


Overfull \hbox (5.07948pt too wide) in paragraph at lines 304--304
[]|$\OT1/cmr/m/n/5 0\OML/cmm/m/it/5 :\OT1/cmr/m/n/5 5761$| 
 []


Overfull \hbox (0.91457pt too wide) in paragraph at lines 304--305
[]|$\OT1/cmr/m/n/5 0\OML/cmm/m/it/5 :\OT1/cmr/m/n/5 01%$| 
 []


Overfull \hbox (5.07948pt too wide) in paragraph at lines 306--306
[]|$\OT1/cmr/m/n/5 0\OML/cmm/m/it/5 :\OT1/cmr/m/n/5 6056$| 
 []


Overfull \hbox (5.07948pt too wide) in paragraph at lines 306--306
[]|$\OT1/cmr/m/n/5 0\OML/cmm/m/it/5 :\OT1/cmr/m/n/5 5240$| 
 []


Overfull \hbox (5.07948pt too wide) in paragraph at lines 306--306
[]|$\OT1/cmr/m/n/5 0\OML/cmm/m/it/5 :\OT1/cmr/m/n/5 7522$| 
 []


Overfull \hbox (5.07948pt too wide) in paragraph at lines 308--308
[]|$\OT1/cmr/m/n/5 0\OML/cmm/m/it/5 :\OT1/cmr/m/n/5 6166$| 
 []


Overfull \hbox (0.91457pt too wide) in paragraph at lines 308--308
[]|$\OT1/cmr/m/n/5 1\OML/cmm/m/it/5 :\OT1/cmr/m/n/5 81%$| 
 []


Overfull \hbox (5.07948pt too wide) in paragraph at lines 308--308
[]|$\OT1/cmr/m/n/5 0\OML/cmm/m/it/5 :\OT1/cmr/m/n/5 5252$| 
 []


Overfull \hbox (0.91457pt too wide) in paragraph at lines 308--308
[]|$\OT1/cmr/m/n/5 0\OML/cmm/m/it/5 :\OT1/cmr/m/n/5 24%$| 
 []


Overfull \hbox (5.07948pt too wide) in paragraph at lines 308--308
[]|$\OT1/cmr/m/n/5 0\OML/cmm/m/it/5 :\OT1/cmr/m/n/5 7624$| 
 []


Overfull \hbox (0.91457pt too wide) in paragraph at lines 308--310
[]|$\OT1/cmr/m/n/5 1\OML/cmm/m/it/5 :\OT1/cmr/m/n/5 35%$| 
 []


Overfull \hbox (5.07948pt too wide) in paragraph at lines 310--310
[]|$\OT1/cmr/m/n/5 0\OML/cmm/m/it/5 :\OT1/cmr/m/n/5 6244$| 
 []


Overfull \hbox (5.07948pt too wide) in paragraph at lines 310--310
[]|$\OT1/cmr/m/n/5 0\OML/cmm/m/it/5 :\OT1/cmr/m/n/5 5055$| 
 []


Overfull \hbox (5.07948pt too wide) in paragraph at lines 310--310
[]|$\OT1/cmr/m/n/5 0\OML/cmm/m/it/5 :\OT1/cmr/m/n/5 7622$| 
 []


Overfull \hbox (5.07948pt too wide) in paragraph at lines 312--312
[]|$\OT1/cmr/m/n/5 0\OML/cmm/m/it/5 :\OT1/cmr/m/n/5 6436$| 
 []


Overfull \hbox (0.91457pt too wide) in paragraph at lines 312--312
[]|$\OT1/cmr/m/n/5 3\OML/cmm/m/it/5 :\OT1/cmr/m/n/5 07%$| 
 []


Overfull \hbox (5.07948pt too wide) in paragraph at lines 312--312
[]|$\OT1/cmr/m/n/5 0\OML/cmm/m/it/5 :\OT1/cmr/m/n/5 5098$| 
 []


Overfull \hbox (0.91457pt too wide) in paragraph at lines 312--312
[]|$\OT1/cmr/m/n/5 0\OML/cmm/m/it/5 :\OT1/cmr/m/n/5 85%$| 
 []


Overfull \hbox (5.07948pt too wide) in paragraph at lines 312--312
[]|$\OT1/cmr/m/n/5 0\OML/cmm/m/it/5 :\OT1/cmr/m/n/5 7717$| 
 []


Overfull \hbox (0.91457pt too wide) in paragraph at lines 312--314
[]|$\OT1/cmr/m/n/5 1\OML/cmm/m/it/5 :\OT1/cmr/m/n/5 24%$| 
 []


Overfull \hbox (5.07948pt too wide) in paragraph at lines 314--314
[]|$\OT1/cmr/m/n/5 0\OML/cmm/m/it/5 :\OT1/cmr/m/n/5 5336$| 
 []


Overfull \hbox (5.07948pt too wide) in paragraph at lines 314--314
[]|$\OT1/cmr/m/n/5 0\OML/cmm/m/it/5 :\OT1/cmr/m/n/5 8672$| 
 []


Overfull \hbox (5.07948pt too wide) in paragraph at lines 314--314
[]|$\OT1/cmr/m/n/5 0\OML/cmm/m/it/5 :\OT1/cmr/m/n/5 6481$| 
 []


Overfull \hbox (5.07948pt too wide) in paragraph at lines 316--316
[]|$\OT1/cmr/m/n/5 0\OML/cmm/m/it/5 :\OT1/cmr/m/n/5 5517$| 
 []


Overfull \hbox (0.91457pt too wide) in paragraph at lines 316--316
[]|$\OT1/cmr/m/n/5 3\OML/cmm/m/it/5 :\OT1/cmr/m/n/5 39%$| 
 []


Overfull \hbox (5.07948pt too wide) in paragraph at lines 316--316
[]|$\OT1/cmr/m/n/5 0\OML/cmm/m/it/5 :\OT1/cmr/m/n/5 8684$| 
 []


Overfull \hbox (0.91457pt too wide) in paragraph at lines 316--316
[]|$\OT1/cmr/m/n/5 0\OML/cmm/m/it/5 :\OT1/cmr/m/n/5 14%$| 
 []


Overfull \hbox (5.07948pt too wide) in paragraph at lines 316--316
[]|$\OT1/cmr/m/n/5 0\OML/cmm/m/it/5 :\OT1/cmr/m/n/5 6533$| 
 []


Overfull \hbox (0.91457pt too wide) in paragraph at lines 316--317
[]|$\OT1/cmr/m/n/5 0\OML/cmm/m/it/5 :\OT1/cmr/m/n/5 80%$| 
 []


Overfull \hbox (5.07948pt too wide) in paragraph at lines 318--318
[]|$\OT1/cmr/m/n/5 0\OML/cmm/m/it/5 :\OT1/cmr/m/n/5 5915$| 
 []


Overfull \hbox (5.07948pt too wide) in paragraph at lines 318--318
[]|$\OT1/cmr/m/n/5 0\OML/cmm/m/it/5 :\OT1/cmr/m/n/5 6497$| 
 []


Overfull \hbox (5.07948pt too wide) in paragraph at lines 318--318
[]|$\OT1/cmr/m/n/5 0\OML/cmm/m/it/5 :\OT1/cmr/m/n/5 8427$| 
 []


Overfull \hbox (5.07948pt too wide) in paragraph at lines 320--320
[]|$\OT1/cmr/m/n/5 0\OML/cmm/m/it/5 :\OT1/cmr/m/n/5 6948$| 
 []


Overfull \hbox (4.3174pt too wide) in paragraph at lines 320--320
[]|$\OT1/cmr/m/n/5 17\OML/cmm/m/it/5 :\OT1/cmr/m/n/5 45%$| 
 []


Overfull \hbox (5.07948pt too wide) in paragraph at lines 320--320
[]|$\OT1/cmr/m/n/5 0\OML/cmm/m/it/5 :\OT1/cmr/m/n/5 6872$| 
 []


Overfull \hbox (0.91457pt too wide) in paragraph at lines 320--320
[]|$\OT1/cmr/m/n/5 5\OML/cmm/m/it/5 :\OT1/cmr/m/n/5 77%$| 
 []


Overfull \hbox (5.07948pt too wide) in paragraph at lines 320--320
[]|$\OT1/cmr/m/n/5 0\OML/cmm/m/it/5 :\OT1/cmr/m/n/5 8969$| 
 []


Overfull \hbox (0.91457pt too wide) in paragraph at lines 320--322
[]|$\OT1/cmr/m/n/5 6\OML/cmm/m/it/5 :\OT1/cmr/m/n/5 43%$| 
 []


Overfull \hbox (5.07948pt too wide) in paragraph at lines 322--322
[]|$\OT1/cmr/m/n/5 0\OML/cmm/m/it/5 :\OT1/cmr/m/n/5 6211$| 
 []


Overfull \hbox (5.07948pt too wide) in paragraph at lines 322--322
[]|$\OT1/cmr/m/n/5 0\OML/cmm/m/it/5 :\OT1/cmr/m/n/5 5048$| 
 []


Overfull \hbox (5.07948pt too wide) in paragraph at lines 322--322
[]|$\OT1/cmr/m/n/5 0\OML/cmm/m/it/5 :\OT1/cmr/m/n/5 7607$| 
 []


Overfull \hbox (5.07948pt too wide) in paragraph at lines 324--324
[]|$\OT1/cmr/m/n/5 0\OML/cmm/m/it/5 :\OT1/cmr/m/n/5 7993$| 
 []


Overfull \hbox (4.3174pt too wide) in paragraph at lines 324--324
[]|$\OT1/cmr/m/n/5 28\OML/cmm/m/it/5 :\OT1/cmr/m/n/5 69%$| 
 []


Overfull \hbox (5.07948pt too wide) in paragraph at lines 324--324
[]|$\OT1/cmr/m/n/5 0\OML/cmm/m/it/5 :\OT1/cmr/m/n/5 5657$| 
 []


Overfull \hbox (4.3174pt too wide) in paragraph at lines 324--324
[]|$\OT1/cmr/m/n/5 12\OML/cmm/m/it/5 :\OT1/cmr/m/n/5 05%$| 
 []


Overfull \hbox (5.07948pt too wide) in paragraph at lines 324--324
[]|$\OT1/cmr/m/n/5 0\OML/cmm/m/it/5 :\OT1/cmr/m/n/5 8950$| 
 []


Overfull \hbox (4.3174pt too wide) in paragraph at lines 324--326
[]|$\OT1/cmr/m/n/5 17\OML/cmm/m/it/5 :\OT1/cmr/m/n/5 67%$| 
 []


Overfull \hbox (5.07948pt too wide) in paragraph at lines 326--326
[]|$\OT1/cmr/m/n/5 0\OML/cmm/m/it/5 :\OT1/cmr/m/n/5 6986$| 
 []


Overfull \hbox (5.07948pt too wide) in paragraph at lines 326--326
[]|$\OT1/cmr/m/n/5 0\OML/cmm/m/it/5 :\OT1/cmr/m/n/5 7827$| 
 []


Overfull \hbox (5.07948pt too wide) in paragraph at lines 326--326
[]|$\OT1/cmr/m/n/5 0\OML/cmm/m/it/5 :\OT1/cmr/m/n/5 4883$| 
 []


Overfull \hbox (5.07948pt too wide) in paragraph at lines 328--328
[]|$\OT1/cmr/m/n/5 0\OML/cmm/m/it/5 :\OT1/cmr/m/n/5 6998$| 
 []


Overfull \hbox (0.91457pt too wide) in paragraph at lines 328--328
[]|$\OT1/cmr/m/n/5 0\OML/cmm/m/it/5 :\OT1/cmr/m/n/5 17%$| 
 []


Overfull \hbox (5.07948pt too wide) in paragraph at lines 328--328
[]|$\OT1/cmr/m/n/5 0\OML/cmm/m/it/5 :\OT1/cmr/m/n/5 7838$| 
 []


Overfull \hbox (0.91457pt too wide) in paragraph at lines 328--328
[]|$\OT1/cmr/m/n/5 0\OML/cmm/m/it/5 :\OT1/cmr/m/n/5 14%$| 
 []


Overfull \hbox (5.07948pt too wide) in paragraph at lines 328--328
[]|$\OT1/cmr/m/n/5 0\OML/cmm/m/it/5 :\OT1/cmr/m/n/5 4904$| 
 []


Overfull \hbox (0.91457pt too wide) in paragraph at lines 328--329
[]|$\OT1/cmr/m/n/5 0\OML/cmm/m/it/5 :\OT1/cmr/m/n/5 43%$| 
 []


Overfull \hbox (3.6138pt too wide) in paragraph at lines 342--342
 []|\OT1/ptm/m/n/5 Dataset| 
 []


Overfull \hbox (1.59898pt too wide) in paragraph at lines 343--343
 []|[]| 
 []


Overfull \hbox (5.07948pt too wide) in paragraph at lines 343--343
[]|$\OT1/cmr/m/n/5 0\OML/cmm/m/it/5 :\OT1/cmr/m/n/5 6021$| 
 []


Overfull \hbox (5.07948pt too wide) in paragraph at lines 343--343
[]|$\OT1/cmr/m/n/5 0\OML/cmm/m/it/5 :\OT1/cmr/m/n/5 5070$| 
 []


Overfull \hbox (5.07948pt too wide) in paragraph at lines 343--343
[]|$\OT1/cmr/m/n/5 0\OML/cmm/m/it/5 :\OT1/cmr/m/n/5 7654$| 
 []


Overfull \hbox (5.07948pt too wide) in paragraph at lines 345--345
[]|$\OT1/cmr/m/n/5 0\OML/cmm/m/it/5 :\OT1/cmr/m/n/5 6434$| 
 []


Overfull \hbox (0.91457pt too wide) in paragraph at lines 345--345
[]|$\OT1/cmr/m/n/5 6\OML/cmm/m/it/5 :\OT1/cmr/m/n/5 86%$| 
 []


Overfull \hbox (5.07948pt too wide) in paragraph at lines 345--345
[]|$\OT1/cmr/m/n/5 0\OML/cmm/m/it/5 :\OT1/cmr/m/n/5 5425$| 
 []


Overfull \hbox (0.91457pt too wide) in paragraph at lines 345--345
[]|$\OT1/cmr/m/n/5 7\OML/cmm/m/it/5 :\OT1/cmr/m/n/5 02%$| 
 []


Overfull \hbox (5.07948pt too wide) in paragraph at lines 345--345
[]|$\OT1/cmr/m/n/5 0\OML/cmm/m/it/5 :\OT1/cmr/m/n/5 8440$| 
 []


Overfull \hbox (4.3174pt too wide) in paragraph at lines 345--347
[]|$\OT1/cmr/m/n/5 10\OML/cmm/m/it/5 :\OT1/cmr/m/n/5 27%$| 
 []


Overfull \hbox (5.07948pt too wide) in paragraph at lines 347--347
[]|$\OT1/cmr/m/n/5 0\OML/cmm/m/it/5 :\OT1/cmr/m/n/5 7002$| 
 []


Overfull \hbox (5.07948pt too wide) in paragraph at lines 347--347
[]|$\OT1/cmr/m/n/5 0\OML/cmm/m/it/5 :\OT1/cmr/m/n/5 5443$| 
 []


Overfull \hbox (5.07948pt too wide) in paragraph at lines 347--347
[]|$\OT1/cmr/m/n/5 0\OML/cmm/m/it/5 :\OT1/cmr/m/n/5 8478$| 
 []


Overfull \hbox (5.07948pt too wide) in paragraph at lines 349--349
[]|$\OT1/cmr/m/n/5 0\OML/cmm/m/it/5 :\OT1/cmr/m/n/5 7246$| 
 []


Overfull \hbox (0.91457pt too wide) in paragraph at lines 349--349
[]|$\OT1/cmr/m/n/5 3\OML/cmm/m/it/5 :\OT1/cmr/m/n/5 48%$| 
 []


Overfull \hbox (5.07948pt too wide) in paragraph at lines 349--349
[]|$\OT1/cmr/m/n/5 0\OML/cmm/m/it/5 :\OT1/cmr/m/n/5 5508$| 
 []


Overfull \hbox (0.91457pt too wide) in paragraph at lines 349--349
[]|$\OT1/cmr/m/n/5 1\OML/cmm/m/it/5 :\OT1/cmr/m/n/5 20%$| 
 []


Overfull \hbox (5.07948pt too wide) in paragraph at lines 349--349
[]|$\OT1/cmr/m/n/5 0\OML/cmm/m/it/5 :\OT1/cmr/m/n/5 8623$| 
 []


Overfull \hbox (0.91457pt too wide) in paragraph at lines 349--351
[]|$\OT1/cmr/m/n/5 1\OML/cmm/m/it/5 :\OT1/cmr/m/n/5 71%$| 
 []


Overfull \hbox (5.07948pt too wide) in paragraph at lines 351--351
[]|$\OT1/cmr/m/n/5 0\OML/cmm/m/it/5 :\OT1/cmr/m/n/5 5923$| 
 []


Overfull \hbox (5.07948pt too wide) in paragraph at lines 351--351
[]|$\OT1/cmr/m/n/5 0\OML/cmm/m/it/5 :\OT1/cmr/m/n/5 4990$| 
 []


Overfull \hbox (5.07948pt too wide) in paragraph at lines 351--351
[]|$\OT1/cmr/m/n/5 0\OML/cmm/m/it/5 :\OT1/cmr/m/n/5 7484$| 
 []


Overfull \hbox (5.07948pt too wide) in paragraph at lines 353--353
[]|$\OT1/cmr/m/n/5 0\OML/cmm/m/it/5 :\OT1/cmr/m/n/5 6512$| 
 []


Overfull \hbox (0.91457pt too wide) in paragraph at lines 353--353
[]|$\OT1/cmr/m/n/5 9\OML/cmm/m/it/5 :\OT1/cmr/m/n/5 94%$| 
 []


Overfull \hbox (5.07948pt too wide) in paragraph at lines 353--353
[]|$\OT1/cmr/m/n/5 0\OML/cmm/m/it/5 :\OT1/cmr/m/n/5 5205$| 
 []


Overfull \hbox (0.91457pt too wide) in paragraph at lines 353--353
[]|$\OT1/cmr/m/n/5 4\OML/cmm/m/it/5 :\OT1/cmr/m/n/5 26%$| 
 []


Overfull \hbox (5.07948pt too wide) in paragraph at lines 353--353
[]|$\OT1/cmr/m/n/5 0\OML/cmm/m/it/5 :\OT1/cmr/m/n/5 7954$| 
 []


Overfull \hbox (0.91457pt too wide) in paragraph at lines 353--355
[]|$\OT1/cmr/m/n/5 6\OML/cmm/m/it/5 :\OT1/cmr/m/n/5 28%$| 
 []


Overfull \hbox (5.07948pt too wide) in paragraph at lines 355--355
[]|$\OT1/cmr/m/n/5 0\OML/cmm/m/it/5 :\OT1/cmr/m/n/5 6103$| 
 []


Overfull \hbox (5.07948pt too wide) in paragraph at lines 355--355
[]|$\OT1/cmr/m/n/5 0\OML/cmm/m/it/5 :\OT1/cmr/m/n/5 8278$| 
 []


Overfull \hbox (5.07948pt too wide) in paragraph at lines 355--355
[]|$\OT1/cmr/m/n/5 0\OML/cmm/m/it/5 :\OT1/cmr/m/n/5 6793$| 
 []


Overfull \hbox (5.07948pt too wide) in paragraph at lines 357--357
[]|$\OT1/cmr/m/n/5 0\OML/cmm/m/it/5 :\OT1/cmr/m/n/5 6212$| 
 []


Overfull \hbox (0.91457pt too wide) in paragraph at lines 357--357
[]|$\OT1/cmr/m/n/5 1\OML/cmm/m/it/5 :\OT1/cmr/m/n/5 79%$| 
 []


Overfull \hbox (5.07948pt too wide) in paragraph at lines 357--357
[]|$\OT1/cmr/m/n/5 0\OML/cmm/m/it/5 :\OT1/cmr/m/n/5 8365$| 
 []


Overfull \hbox (0.91457pt too wide) in paragraph at lines 357--357
[]|$\OT1/cmr/m/n/5 1\OML/cmm/m/it/5 :\OT1/cmr/m/n/5 05%$| 
 []


Overfull \hbox (5.07948pt too wide) in paragraph at lines 357--357
[]|$\OT1/cmr/m/n/5 0\OML/cmm/m/it/5 :\OT1/cmr/m/n/5 6862$| 
 []


Overfull \hbox (0.91457pt too wide) in paragraph at lines 357--358
[]|$\OT1/cmr/m/n/5 1\OML/cmm/m/it/5 :\OT1/cmr/m/n/5 02%$| 
 []


Overfull \hbox (5.07948pt too wide) in paragraph at lines 360--360
[]|$\OT1/cmr/m/n/5 0\OML/cmm/m/it/5 :\OT1/cmr/m/n/5 6317$| 
 []


Overfull \hbox (5.07948pt too wide) in paragraph at lines 360--360
[]|$\OT1/cmr/m/n/5 0\OML/cmm/m/it/5 :\OT1/cmr/m/n/5 5070$| 
 []


Overfull \hbox (5.07948pt too wide) in paragraph at lines 360--360
[]|$\OT1/cmr/m/n/5 0\OML/cmm/m/it/5 :\OT1/cmr/m/n/5 7654$| 
 []


Overfull \hbox (5.07948pt too wide) in paragraph at lines 362--362
[]|$\OT1/cmr/m/n/5 0\OML/cmm/m/it/5 :\OT1/cmr/m/n/5 7269$| 
 []


Overfull \hbox (4.3174pt too wide) in paragraph at lines 362--362
[]|$\OT1/cmr/m/n/5 15\OML/cmm/m/it/5 :\OT1/cmr/m/n/5 07%$| 
 []


Overfull \hbox (5.07948pt too wide) in paragraph at lines 362--362
[]|$\OT1/cmr/m/n/5 0\OML/cmm/m/it/5 :\OT1/cmr/m/n/5 5312$| 
 []


Overfull \hbox (0.91457pt too wide) in paragraph at lines 362--362
[]|$\OT1/cmr/m/n/5 4\OML/cmm/m/it/5 :\OT1/cmr/m/n/5 79%$| 
 []


Overfull \hbox (5.07948pt too wide) in paragraph at lines 362--362
[]|$\OT1/cmr/m/n/5 0\OML/cmm/m/it/5 :\OT1/cmr/m/n/5 8190$| 
 []


Overfull \hbox (0.91457pt too wide) in paragraph at lines 362--364
[]|$\OT1/cmr/m/n/5 7\OML/cmm/m/it/5 :\OT1/cmr/m/n/5 00%$| 
 []


Overfull \hbox (5.07948pt too wide) in paragraph at lines 364--364
[]|$\OT1/cmr/m/n/5 0\OML/cmm/m/it/5 :\OT1/cmr/m/n/5 7825$| 
 []


Overfull \hbox (5.07948pt too wide) in paragraph at lines 364--364
[]|$\OT1/cmr/m/n/5 0\OML/cmm/m/it/5 :\OT1/cmr/m/n/5 5147$| 
 []


Overfull \hbox (5.07948pt too wide) in paragraph at lines 364--364
[]|$\OT1/cmr/m/n/5 0\OML/cmm/m/it/5 :\OT1/cmr/m/n/5 7825$| 
 []


Overfull \hbox (5.07948pt too wide) in paragraph at lines 366--366
[]|$\OT1/cmr/m/n/5 0\OML/cmm/m/it/5 :\OT1/cmr/m/n/5 6728$| 
 []


Overfull \hbox (9.73413pt too wide) in paragraph at lines 366--366
[]|$\OMS/cmsy/m/n/5  \OT1/cmr/m/n/5 14\OML/cmm/m/it/5 :\OT1/cmr/m/n/5 02%$| 
 []


Overfull \hbox (5.07948pt too wide) in paragraph at lines 366--366
[]|$\OT1/cmr/m/n/5 0\OML/cmm/m/it/5 :\OT1/cmr/m/n/5 5392$| 
 []


Overfull \hbox (0.91457pt too wide) in paragraph at lines 366--366
[]|$\OT1/cmr/m/n/5 4\OML/cmm/m/it/5 :\OT1/cmr/m/n/5 75%$| 
 []


Overfull \hbox (5.07948pt too wide) in paragraph at lines 366--366
[]|$\OT1/cmr/m/n/5 0\OML/cmm/m/it/5 :\OT1/cmr/m/n/5 8365$| 
 []


Overfull \hbox (0.91457pt too wide) in paragraph at lines 366--368
[]|$\OT1/cmr/m/n/5 6\OML/cmm/m/it/5 :\OT1/cmr/m/n/5 91%$| 
 []


Overfull \hbox (5.07948pt too wide) in paragraph at lines 368--368
[]|$\OT1/cmr/m/n/5 0\OML/cmm/m/it/5 :\OT1/cmr/m/n/5 5970$| 
 []


Overfull \hbox (5.07948pt too wide) in paragraph at lines 368--368
[]|$\OT1/cmr/m/n/5 0\OML/cmm/m/it/5 :\OT1/cmr/m/n/5 4996$| 
 []


Overfull \hbox (5.07948pt too wide) in paragraph at lines 368--368
[]|$\OT1/cmr/m/n/5 0\OML/cmm/m/it/5 :\OT1/cmr/m/n/5 7490$| 
 []


Overfull \hbox (5.07948pt too wide) in paragraph at lines 370--370
[]|$\OT1/cmr/m/n/5 0\OML/cmm/m/it/5 :\OT1/cmr/m/n/5 7165$| 
 []


Overfull \hbox (4.3174pt too wide) in paragraph at lines 370--370
[]|$\OT1/cmr/m/n/5 20\OML/cmm/m/it/5 :\OT1/cmr/m/n/5 01%$| 
 []


Overfull \hbox (5.07948pt too wide) in paragraph at lines 370--370
[]|$\OT1/cmr/m/n/5 0\OML/cmm/m/it/5 :\OT1/cmr/m/n/5 5205$| 
 []


Overfull \hbox (0.91457pt too wide) in paragraph at lines 370--370
[]|$\OT1/cmr/m/n/5 4\OML/cmm/m/it/5 :\OT1/cmr/m/n/5 20%$| 
 []


Overfull \hbox (5.07948pt too wide) in paragraph at lines 370--370
[]|$\OT1/cmr/m/n/5 0\OML/cmm/m/it/5 :\OT1/cmr/m/n/5 7954$| 
 []


Overfull \hbox (0.91457pt too wide) in paragraph at lines 370--372
[]|$\OT1/cmr/m/n/5 6\OML/cmm/m/it/5 :\OT1/cmr/m/n/5 19%$| 
 []


Overfull \hbox (5.07948pt too wide) in paragraph at lines 372--372
[]|$\OT1/cmr/m/n/5 0\OML/cmm/m/it/5 :\OT1/cmr/m/n/5 5207$| 
 []


Overfull \hbox (5.07948pt too wide) in paragraph at lines 372--372
[]|$\OT1/cmr/m/n/5 0\OML/cmm/m/it/5 :\OT1/cmr/m/n/5 9020$| 
 []


Overfull \hbox (5.07948pt too wide) in paragraph at lines 372--372
[]|$\OT1/cmr/m/n/5 0\OML/cmm/m/it/5 :\OT1/cmr/m/n/5 7336$| 
 []


Overfull \hbox (5.07948pt too wide) in paragraph at lines 374--374
[]|$\OT1/cmr/m/n/5 0\OML/cmm/m/it/5 :\OT1/cmr/m/n/5 5262$| 
 []


Overfull \hbox (0.91457pt too wide) in paragraph at lines 374--374
[]|$\OT1/cmr/m/n/5 1\OML/cmm/m/it/5 :\OT1/cmr/m/n/5 06%$| 
 []


Overfull \hbox (5.07948pt too wide) in paragraph at lines 374--374
[]|$\OT1/cmr/m/n/5 0\OML/cmm/m/it/5 :\OT1/cmr/m/n/5 9056$| 
 []


Overfull \hbox (0.91457pt too wide) in paragraph at lines 374--374
[]|$\OT1/cmr/m/n/5 0\OML/cmm/m/it/5 :\OT1/cmr/m/n/5 40%$| 
 []


Overfull \hbox (5.07948pt too wide) in paragraph at lines 374--374
[]|$\OT1/cmr/m/n/5 0\OML/cmm/m/it/5 :\OT1/cmr/m/n/5 7533$| 
 []


Overfull \hbox (0.91457pt too wide) in paragraph at lines 374--375
[]|$\OT1/cmr/m/n/5 2\OML/cmm/m/it/5 :\OT1/cmr/m/n/5 69%$| 
 []


Overfull \hbox (5.07948pt too wide) in paragraph at lines 377--377
[]|$\OT1/cmr/m/n/5 0\OML/cmm/m/it/5 :\OT1/cmr/m/n/5 6136$| 
 []


Overfull \hbox (5.07948pt too wide) in paragraph at lines 377--377
[]|$\OT1/cmr/m/n/5 0\OML/cmm/m/it/5 :\OT1/cmr/m/n/5 5203$| 
 []


Overfull \hbox (5.07948pt too wide) in paragraph at lines 377--377
[]|$\OT1/cmr/m/n/5 0\OML/cmm/m/it/5 :\OT1/cmr/m/n/5 8008$| 
 []


Overfull \hbox (5.07948pt too wide) in paragraph at lines 379--379
[]|$\OT1/cmr/m/n/5 0\OML/cmm/m/it/5 :\OT1/cmr/m/n/5 7892$| 
 []


Overfull \hbox (4.3174pt too wide) in paragraph at lines 379--379
[]|$\OT1/cmr/m/n/5 28\OML/cmm/m/it/5 :\OT1/cmr/m/n/5 62%$| 
 []


Overfull \hbox (5.07948pt too wide) in paragraph at lines 379--379
[]|$\OT1/cmr/m/n/5 0\OML/cmm/m/it/5 :\OT1/cmr/m/n/5 5857$| 
 []


Overfull \hbox (4.3174pt too wide) in paragraph at lines 379--379
[]|$\OT1/cmr/m/n/5 11\OML/cmm/m/it/5 :\OT1/cmr/m/n/5 99%$| 
 []


Overfull \hbox (5.07948pt too wide) in paragraph at lines 379--379
[]|$\OT1/cmr/m/n/5 0\OML/cmm/m/it/5 :\OT1/cmr/m/n/5 9393$| 
 []


Overfull \hbox (4.3174pt too wide) in paragraph at lines 379--381
[]|$\OT1/cmr/m/n/5 17\OML/cmm/m/it/5 :\OT1/cmr/m/n/5 30%$| 
 []


Overfull \hbox (5.07948pt too wide) in paragraph at lines 381--381
[]|$\OT1/cmr/m/n/5 0\OML/cmm/m/it/5 :\OT1/cmr/m/n/5 6380$| 
 []


Overfull \hbox (5.07948pt too wide) in paragraph at lines 381--381
[]|$\OT1/cmr/m/n/5 0\OML/cmm/m/it/5 :\OT1/cmr/m/n/5 4883$| 
 []


Overfull \hbox (5.07948pt too wide) in paragraph at lines 381--381
[]|$\OT1/cmr/m/n/5 0\OML/cmm/m/it/5 :\OT1/cmr/m/n/5 7240$| 
 []


Overfull \hbox (5.07948pt too wide) in paragraph at lines 383--383
[]|$\OT1/cmr/m/n/5 0\OML/cmm/m/it/5 :\OT1/cmr/m/n/5 8982$| 
 []


Overfull \hbox (4.3174pt too wide) in paragraph at lines 383--383
[]|$\OT1/cmr/m/n/5 40\OML/cmm/m/it/5 :\OT1/cmr/m/n/5 78%$| 
 []


Overfull \hbox (5.07948pt too wide) in paragraph at lines 383--383
[]|$\OT1/cmr/m/n/5 0\OML/cmm/m/it/5 :\OT1/cmr/m/n/5 5922$| 
 []


Overfull \hbox (4.3174pt too wide) in paragraph at lines 383--383
[]|$\OT1/cmr/m/n/5 21\OML/cmm/m/it/5 :\OT1/cmr/m/n/5 28%$| 
 []


Overfull \hbox (5.07948pt too wide) in paragraph at lines 383--383
[]|$\OT1/cmr/m/n/5 0\OML/cmm/m/it/5 :\OT1/cmr/m/n/5 9537$| 
 []


Overfull \hbox (4.3174pt too wide) in paragraph at lines 383--385
[]|$\OT1/cmr/m/n/5 31\OML/cmm/m/it/5 :\OT1/cmr/m/n/5 71%$| 
 []


Overfull \hbox (5.07948pt too wide) in paragraph at lines 385--385
[]|$\OT1/cmr/m/n/5 0\OML/cmm/m/it/5 :\OT1/cmr/m/n/5 6003$| 
 []


Overfull \hbox (5.07948pt too wide) in paragraph at lines 385--385
[]|$\OT1/cmr/m/n/5 0\OML/cmm/m/it/5 :\OT1/cmr/m/n/5 5001$| 
 []


Overfull \hbox (5.07948pt too wide) in paragraph at lines 385--385
[]|$\OT1/cmr/m/n/5 0\OML/cmm/m/it/5 :\OT1/cmr/m/n/5 7502$| 
 []


Overfull \hbox (5.07948pt too wide) in paragraph at lines 387--387
[]|$\OT1/cmr/m/n/5 0\OML/cmm/m/it/5 :\OT1/cmr/m/n/5 6589$| 
 []


Overfull \hbox (0.91457pt too wide) in paragraph at lines 387--387
[]|$\OT1/cmr/m/n/5 9\OML/cmm/m/it/5 :\OT1/cmr/m/n/5 76%$| 
 []


Overfull \hbox (5.07948pt too wide) in paragraph at lines 387--387
[]|$\OT1/cmr/m/n/5 0\OML/cmm/m/it/5 :\OT1/cmr/m/n/5 5637$| 
 []


Overfull \hbox (4.3174pt too wide) in paragraph at lines 387--387
[]|$\OT1/cmr/m/n/5 12\OML/cmm/m/it/5 :\OT1/cmr/m/n/5 72%$| 
 []


Overfull \hbox (5.07948pt too wide) in paragraph at lines 387--387
[]|$\OT1/cmr/m/n/5 0\OML/cmm/m/it/5 :\OT1/cmr/m/n/5 8908$| 
 []


Overfull \hbox (4.3174pt too wide) in paragraph at lines 387--389
[]|$\OT1/cmr/m/n/5 18\OML/cmm/m/it/5 :\OT1/cmr/m/n/5 73%$| 
 []


Overfull \hbox (5.07948pt too wide) in paragraph at lines 389--389
[]|$\OT1/cmr/m/n/5 0\OML/cmm/m/it/5 :\OT1/cmr/m/n/5 6931$| 
 []


Overfull \hbox (5.07948pt too wide) in paragraph at lines 389--389
[]|$\OT1/cmr/m/n/5 0\OML/cmm/m/it/5 :\OT1/cmr/m/n/5 9380$| 
 []


Overfull \hbox (5.07948pt too wide) in paragraph at lines 389--389
[]|$\OT1/cmr/m/n/5 0\OML/cmm/m/it/5 :\OT1/cmr/m/n/5 8122$| 
 []


Overfull \hbox (5.07948pt too wide) in paragraph at lines 391--391
[]|$\OT1/cmr/m/n/5 0\OML/cmm/m/it/5 :\OT1/cmr/m/n/5 7001$| 
 []


Overfull \hbox (0.91457pt too wide) in paragraph at lines 391--391
[]|$\OT1/cmr/m/n/5 1\OML/cmm/m/it/5 :\OT1/cmr/m/n/5 01%$| 
 []


Overfull \hbox (5.07948pt too wide) in paragraph at lines 391--391
[]|$\OT1/cmr/m/n/5 0\OML/cmm/m/it/5 :\OT1/cmr/m/n/5 9513$| 
 []


Overfull \hbox (0.91457pt too wide) in paragraph at lines 391--391
[]|$\OT1/cmr/m/n/5 1\OML/cmm/m/it/5 :\OT1/cmr/m/n/5 42%$| 
 []


Overfull \hbox (5.07948pt too wide) in paragraph at lines 391--391
[]|$\OT1/cmr/m/n/5 0\OML/cmm/m/it/5 :\OT1/cmr/m/n/5 8248$| 
 []


Overfull \hbox (0.91457pt too wide) in paragraph at lines 391--392
[]|$\OT1/cmr/m/n/5 1\OML/cmm/m/it/5 :\OT1/cmr/m/n/5 55%$| 
 []


Overfull \hbox (3.6138pt too wide) in paragraph at lines 406--406
 []|\OT1/ptm/m/n/5 Dataset| 
 []


Overfull \hbox (2.22884pt too wide) in paragraph at lines 407--407
 []|[]| 
 []


Overfull \hbox (5.07948pt too wide) in paragraph at lines 407--407
[]|$\OT1/cmr/m/n/5 0\OML/cmm/m/it/5 :\OT1/cmr/m/n/5 7253$| 
 []


Overfull \hbox (5.07948pt too wide) in paragraph at lines 407--407
[]|$\OT1/cmr/m/n/5 0\OML/cmm/m/it/5 :\OT1/cmr/m/n/5 2814$| 
 []


Overfull \hbox (5.07948pt too wide) in paragraph at lines 407--407
[]|$\OT1/cmr/m/n/5 0\OML/cmm/m/it/5 :\OT1/cmr/m/n/5 4890$| 
 []


Overfull \hbox (5.07948pt too wide) in paragraph at lines 407--407
[]|$\OT1/cmr/m/n/5 0\OML/cmm/m/it/5 :\OT1/cmr/m/n/5 4348$| 
 []


Overfull \hbox (5.07948pt too wide) in paragraph at lines 407--407
[]|$\OT1/cmr/m/n/5 0\OML/cmm/m/it/5 :\OT1/cmr/m/n/5 2787$| 
 []


Overfull \hbox (5.07948pt too wide) in paragraph at lines 409--409
[]|$\OT1/cmr/m/n/5 0\OML/cmm/m/it/5 :\OT1/cmr/m/n/5 7308$| 
 []


Overfull \hbox (0.91457pt too wide) in paragraph at lines 409--409
[]|$\OT1/cmr/m/n/5 0\OML/cmm/m/it/5 :\OT1/cmr/m/n/5 76%$| 
 []


Overfull \hbox (5.07948pt too wide) in paragraph at lines 409--409
[]|$\OT1/cmr/m/n/5 0\OML/cmm/m/it/5 :\OT1/cmr/m/n/5 2853$| 
 []


Overfull \hbox (0.91457pt too wide) in paragraph at lines 409--409
[]|$\OT1/cmr/m/n/5 1\OML/cmm/m/it/5 :\OT1/cmr/m/n/5 36%$| 
 []


Overfull \hbox (5.07948pt too wide) in paragraph at lines 409--409
[]|$\OT1/cmr/m/n/5 0\OML/cmm/m/it/5 :\OT1/cmr/m/n/5 4973$| 
 []


Overfull \hbox (0.91457pt too wide) in paragraph at lines 409--409
[]|$\OT1/cmr/m/n/5 1\OML/cmm/m/it/5 :\OT1/cmr/m/n/5 70%$| 
 []


Overfull \hbox (5.07948pt too wide) in paragraph at lines 409--409
[]|$\OT1/cmr/m/n/5 0\OML/cmm/m/it/5 :\OT1/cmr/m/n/5 4408$| 
 []


Overfull \hbox (0.91457pt too wide) in paragraph at lines 409--409
[]|$\OT1/cmr/m/n/5 1\OML/cmm/m/it/5 :\OT1/cmr/m/n/5 38%$| 
 []


Overfull \hbox (5.07948pt too wide) in paragraph at lines 409--409
[]|$\OT1/cmr/m/n/5 0\OML/cmm/m/it/5 :\OT1/cmr/m/n/5 2810$| 
 []


Overfull \hbox (0.91457pt too wide) in paragraph at lines 409--411
[]|$\OT1/cmr/m/n/5 0\OML/cmm/m/it/5 :\OT1/cmr/m/n/5 81%$| 
 []


Overfull \hbox (5.07948pt too wide) in paragraph at lines 411--411
[]|$\OT1/cmr/m/n/5 0\OML/cmm/m/it/5 :\OT1/cmr/m/n/5 7252$| 
 []


Overfull \hbox (5.07948pt too wide) in paragraph at lines 411--411
[]|$\OT1/cmr/m/n/5 0\OML/cmm/m/it/5 :\OT1/cmr/m/n/5 2826$| 
 []


Overfull \hbox (5.07948pt too wide) in paragraph at lines 411--411
[]|$\OT1/cmr/m/n/5 0\OML/cmm/m/it/5 :\OT1/cmr/m/n/5 4932$| 
 []


Overfull \hbox (5.07948pt too wide) in paragraph at lines 411--411
[]|$\OT1/cmr/m/n/5 0\OML/cmm/m/it/5 :\OT1/cmr/m/n/5 4359$| 
 []


Overfull \hbox (5.07948pt too wide) in paragraph at lines 411--411
[]|$\OT1/cmr/m/n/5 0\OML/cmm/m/it/5 :\OT1/cmr/m/n/5 2789$| 
 []


Overfull \hbox (5.07948pt too wide) in paragraph at lines 413--413
[]|$\OT1/cmr/m/n/5 0\OML/cmm/m/it/5 :\OT1/cmr/m/n/5 7305$| 
 []


Overfull \hbox (0.91457pt too wide) in paragraph at lines 413--413
[]|$\OT1/cmr/m/n/5 0\OML/cmm/m/it/5 :\OT1/cmr/m/n/5 73%$| 
 []


Overfull \hbox (5.07948pt too wide) in paragraph at lines 413--413
[]|$\OT1/cmr/m/n/5 0\OML/cmm/m/it/5 :\OT1/cmr/m/n/5 2854$| 
 []


Overfull \hbox (0.91457pt too wide) in paragraph at lines 413--413
[]|$\OT1/cmr/m/n/5 0\OML/cmm/m/it/5 :\OT1/cmr/m/n/5 99%$| 
 []


Overfull \hbox (5.07948pt too wide) in paragraph at lines 413--413
[]|$\OT1/cmr/m/n/5 0\OML/cmm/m/it/5 :\OT1/cmr/m/n/5 4977$| 
 []


Overfull \hbox (0.91457pt too wide) in paragraph at lines 413--413
[]|$\OT1/cmr/m/n/5 0\OML/cmm/m/it/5 :\OT1/cmr/m/n/5 91%$| 
 []


Overfull \hbox (5.07948pt too wide) in paragraph at lines 413--413
[]|$\OT1/cmr/m/n/5 0\OML/cmm/m/it/5 :\OT1/cmr/m/n/5 4410$| 
 []


Overfull \hbox (0.91457pt too wide) in paragraph at lines 413--413
[]|$\OT1/cmr/m/n/5 1\OML/cmm/m/it/5 :\OT1/cmr/m/n/5 17%$| 
 []


Overfull \hbox (5.07948pt too wide) in paragraph at lines 413--413
[]|$\OT1/cmr/m/n/5 0\OML/cmm/m/it/5 :\OT1/cmr/m/n/5 2810$| 
 []


Overfull \hbox (0.91457pt too wide) in paragraph at lines 413--415
[]|$\OT1/cmr/m/n/5 0\OML/cmm/m/it/5 :\OT1/cmr/m/n/5 77%$| 
 []


Overfull \hbox (5.07948pt too wide) in paragraph at lines 415--415
[]|$\OT1/cmr/m/n/5 0\OML/cmm/m/it/5 :\OT1/cmr/m/n/5 7092$| 
 []


Overfull \hbox (5.07948pt too wide) in paragraph at lines 415--415
[]|$\OT1/cmr/m/n/5 0\OML/cmm/m/it/5 :\OT1/cmr/m/n/5 2732$| 
 []


Overfull \hbox (5.07948pt too wide) in paragraph at lines 415--415
[]|$\OT1/cmr/m/n/5 0\OML/cmm/m/it/5 :\OT1/cmr/m/n/5 4717$| 
 []


Overfull \hbox (5.07948pt too wide) in paragraph at lines 415--415
[]|$\OT1/cmr/m/n/5 0\OML/cmm/m/it/5 :\OT1/cmr/m/n/5 4163$| 
 []


Overfull \hbox (5.07948pt too wide) in paragraph at lines 415--415
[]|$\OT1/cmr/m/n/5 0\OML/cmm/m/it/5 :\OT1/cmr/m/n/5 2734$| 
 []


Overfull \hbox (5.07948pt too wide) in paragraph at lines 417--417
[]|$\OT1/cmr/m/n/5 0\OML/cmm/m/it/5 :\OT1/cmr/m/n/5 7130$| 
 []


Overfull \hbox (0.91457pt too wide) in paragraph at lines 417--417
[]|$\OT1/cmr/m/n/5 0\OML/cmm/m/it/5 :\OT1/cmr/m/n/5 53%$| 
 []


Overfull \hbox (5.07948pt too wide) in paragraph at lines 417--417
[]|$\OT1/cmr/m/n/5 0\OML/cmm/m/it/5 :\OT1/cmr/m/n/5 2747$| 
 []


Overfull \hbox (0.91457pt too wide) in paragraph at lines 417--417
[]|$\OT1/cmr/m/n/5 0\OML/cmm/m/it/5 :\OT1/cmr/m/n/5 57%$| 
 []


Overfull \hbox (5.07948pt too wide) in paragraph at lines 417--417
[]|$\OT1/cmr/m/n/5 0\OML/cmm/m/it/5 :\OT1/cmr/m/n/5 4740$| 
 []


Overfull \hbox (0.91457pt too wide) in paragraph at lines 417--417
[]|$\OT1/cmr/m/n/5 0\OML/cmm/m/it/5 :\OT1/cmr/m/n/5 48%$| 
 []


Overfull \hbox (5.07948pt too wide) in paragraph at lines 417--417
[]|$\OT1/cmr/m/n/5 0\OML/cmm/m/it/5 :\OT1/cmr/m/n/5 4193$| 
 []


Overfull \hbox (0.91457pt too wide) in paragraph at lines 417--417
[]|$\OT1/cmr/m/n/5 0\OML/cmm/m/it/5 :\OT1/cmr/m/n/5 72%$| 
 []


Overfull \hbox (5.07948pt too wide) in paragraph at lines 417--417
[]|$\OT1/cmr/m/n/5 0\OML/cmm/m/it/5 :\OT1/cmr/m/n/5 2747$| 
 []


Overfull \hbox (0.91457pt too wide) in paragraph at lines 417--419
[]|$\OT1/cmr/m/n/5 0\OML/cmm/m/it/5 :\OT1/cmr/m/n/5 48%$| 
 []


Overfull \hbox (2.22884pt too wide) in paragraph at lines 424--424
 []|[]| 
 []


Overfull \hbox (5.07948pt too wide) in paragraph at lines 424--424
[]|$\OT1/cmr/m/n/5 0\OML/cmm/m/it/5 :\OT1/cmr/m/n/5 7931$| 
 []


Overfull \hbox (5.07948pt too wide) in paragraph at lines 424--424
[]|$\OT1/cmr/m/n/5 0\OML/cmm/m/it/5 :\OT1/cmr/m/n/5 3056$| 
 []


Overfull \hbox (5.07948pt too wide) in paragraph at lines 424--424
[]|$\OT1/cmr/m/n/5 0\OML/cmm/m/it/5 :\OT1/cmr/m/n/5 5458$| 
 []


Overfull \hbox (5.07948pt too wide) in paragraph at lines 424--424
[]|$\OT1/cmr/m/n/5 0\OML/cmm/m/it/5 :\OT1/cmr/m/n/5 5015$| 
 []


Overfull \hbox (5.07948pt too wide) in paragraph at lines 424--424
[]|$\OT1/cmr/m/n/5 0\OML/cmm/m/it/5 :\OT1/cmr/m/n/5 2934$| 
 []


Overfull \hbox (5.07948pt too wide) in paragraph at lines 426--426
[]|$\OT1/cmr/m/n/5 0\OML/cmm/m/it/5 :\OT1/cmr/m/n/5 8249$| 
 []


Overfull \hbox (0.91457pt too wide) in paragraph at lines 426--426
[]|$\OT1/cmr/m/n/5 4\OML/cmm/m/it/5 :\OT1/cmr/m/n/5 01%$| 
 []


Overfull \hbox (5.07948pt too wide) in paragraph at lines 426--426
[]|$\OT1/cmr/m/n/5 0\OML/cmm/m/it/5 :\OT1/cmr/m/n/5 3305$| 
 []


Overfull \hbox (0.91457pt too wide) in paragraph at lines 426--426
[]|$\OT1/cmr/m/n/5 8\OML/cmm/m/it/5 :\OT1/cmr/m/n/5 15%$| 
 []


Overfull \hbox (5.07948pt too wide) in paragraph at lines 426--426
[]|$\OT1/cmr/m/n/5 0\OML/cmm/m/it/5 :\OT1/cmr/m/n/5 6063$| 
 []


Overfull \hbox (4.3174pt too wide) in paragraph at lines 426--426
[]|$\OT1/cmr/m/n/5 11\OML/cmm/m/it/5 :\OT1/cmr/m/n/5 09%$| 
 []


Overfull \hbox (5.07948pt too wide) in paragraph at lines 426--426
[]|$\OT1/cmr/m/n/5 0\OML/cmm/m/it/5 :\OT1/cmr/m/n/5 5592$| 
 []


Overfull \hbox (4.3174pt too wide) in paragraph at lines 426--426
[]|$\OT1/cmr/m/n/5 11\OML/cmm/m/it/5 :\OT1/cmr/m/n/5 50%$| 
 []


Overfull \hbox (5.07948pt too wide) in paragraph at lines 426--426
[]|$\OT1/cmr/m/n/5 0\OML/cmm/m/it/5 :\OT1/cmr/m/n/5 3044$| 
 []


Overfull \hbox (0.91457pt too wide) in paragraph at lines 426--428
[]|$\OT1/cmr/m/n/5 3\OML/cmm/m/it/5 :\OT1/cmr/m/n/5 75%$| 
 []


Overfull \hbox (5.07948pt too wide) in paragraph at lines 428--428
[]|$\OT1/cmr/m/n/5 0\OML/cmm/m/it/5 :\OT1/cmr/m/n/5 8132$| 
 []


Overfull \hbox (5.07948pt too wide) in paragraph at lines 428--428
[]|$\OT1/cmr/m/n/5 0\OML/cmm/m/it/5 :\OT1/cmr/m/n/5 3248$| 
 []


Overfull \hbox (5.07948pt too wide) in paragraph at lines 428--428
[]|$\OT1/cmr/m/n/5 0\OML/cmm/m/it/5 :\OT1/cmr/m/n/5 5950$| 
 []


Overfull \hbox (5.07948pt too wide) in paragraph at lines 428--428
[]|$\OT1/cmr/m/n/5 0\OML/cmm/m/it/5 :\OT1/cmr/m/n/5 5463$| 
 []


Overfull \hbox (5.07948pt too wide) in paragraph at lines 428--428
[]|$\OT1/cmr/m/n/5 0\OML/cmm/m/it/5 :\OT1/cmr/m/n/5 3006$| 
 []


Overfull \hbox (5.07948pt too wide) in paragraph at lines 430--430
[]|$\OT1/cmr/m/n/5 0\OML/cmm/m/it/5 :\OT1/cmr/m/n/5 8267$| 
 []


Overfull \hbox (0.91457pt too wide) in paragraph at lines 430--430
[]|$\OT1/cmr/m/n/5 1\OML/cmm/m/it/5 :\OT1/cmr/m/n/5 66%$| 
 []


Overfull \hbox (5.07948pt too wide) in paragraph at lines 430--430
[]|$\OT1/cmr/m/n/5 0\OML/cmm/m/it/5 :\OT1/cmr/m/n/5 3324$| 
 []


Overfull \hbox (0.91457pt too wide) in paragraph at lines 430--430
[]|$\OT1/cmr/m/n/5 2\OML/cmm/m/it/5 :\OT1/cmr/m/n/5 33%$| 
 []


Overfull \hbox (5.07948pt too wide) in paragraph at lines 430--430
[]|$\OT1/cmr/m/n/5 0\OML/cmm/m/it/5 :\OT1/cmr/m/n/5 6112$| 
 []


Overfull \hbox (0.91457pt too wide) in paragraph at lines 430--430
[]|$\OT1/cmr/m/n/5 2\OML/cmm/m/it/5 :\OT1/cmr/m/n/5 72%$| 
 []


Overfull \hbox (5.07948pt too wide) in paragraph at lines 430--430
[]|$\OT1/cmr/m/n/5 0\OML/cmm/m/it/5 :\OT1/cmr/m/n/5 5635$| 
 []


Overfull \hbox (0.91457pt too wide) in paragraph at lines 430--430
[]|$\OT1/cmr/m/n/5 3\OML/cmm/m/it/5 :\OT1/cmr/m/n/5 15%$| 
 []


Overfull \hbox (5.07948pt too wide) in paragraph at lines 430--430
[]|$\OT1/cmr/m/n/5 0\OML/cmm/m/it/5 :\OT1/cmr/m/n/5 3050$| 
 []


Overfull \hbox (0.91457pt too wide) in paragraph at lines 430--432
[]|$\OT1/cmr/m/n/5 1\OML/cmm/m/it/5 :\OT1/cmr/m/n/5 45%$| 
 []


Overfull \hbox (5.07948pt too wide) in paragraph at lines 432--432
[]|$\OT1/cmr/m/n/5 0\OML/cmm/m/it/5 :\OT1/cmr/m/n/5 7431$| 
 []


Overfull \hbox (5.07948pt too wide) in paragraph at lines 432--432
[]|$\OT1/cmr/m/n/5 0\OML/cmm/m/it/5 :\OT1/cmr/m/n/5 2770$| 
 []


Overfull \hbox (5.07948pt too wide) in paragraph at lines 432--432
[]|$\OT1/cmr/m/n/5 0\OML/cmm/m/it/5 :\OT1/cmr/m/n/5 4817$| 
 []


Overfull \hbox (5.07948pt too wide) in paragraph at lines 432--432
[]|$\OT1/cmr/m/n/5 0\OML/cmm/m/it/5 :\OT1/cmr/m/n/5 4398$| 
 []


Overfull \hbox (5.07948pt too wide) in paragraph at lines 432--432
[]|$\OT1/cmr/m/n/5 0\OML/cmm/m/it/5 :\OT1/cmr/m/n/5 2768$| 
 []


Overfull \hbox (5.07948pt too wide) in paragraph at lines 434--434
[]|$\OT1/cmr/m/n/5 0\OML/cmm/m/it/5 :\OT1/cmr/m/n/5 7624$| 
 []


Overfull \hbox (0.91457pt too wide) in paragraph at lines 434--434
[]|$\OT1/cmr/m/n/5 2\OML/cmm/m/it/5 :\OT1/cmr/m/n/5 60%$| 
 []


Overfull \hbox (5.07948pt too wide) in paragraph at lines 434--434
[]|$\OT1/cmr/m/n/5 0\OML/cmm/m/it/5 :\OT1/cmr/m/n/5 2865$| 
 []


Overfull \hbox (0.91457pt too wide) in paragraph at lines 434--434
[]|$\OT1/cmr/m/n/5 3\OML/cmm/m/it/5 :\OT1/cmr/m/n/5 44%$| 
 []


Overfull \hbox (5.07948pt too wide) in paragraph at lines 434--434
[]|$\OT1/cmr/m/n/5 0\OML/cmm/m/it/5 :\OT1/cmr/m/n/5 5007$| 
 []


Overfull \hbox (0.91457pt too wide) in paragraph at lines 434--434
[]|$\OT1/cmr/m/n/5 3\OML/cmm/m/it/5 :\OT1/cmr/m/n/5 95%$| 
 []


Overfull \hbox (5.07948pt too wide) in paragraph at lines 434--434
[]|$\OT1/cmr/m/n/5 0\OML/cmm/m/it/5 :\OT1/cmr/m/n/5 4597$| 
 []


Overfull \hbox (0.91457pt too wide) in paragraph at lines 434--434
[]|$\OT1/cmr/m/n/5 4\OML/cmm/m/it/5 :\OT1/cmr/m/n/5 53%$| 
 []


Overfull \hbox (5.07948pt too wide) in paragraph at lines 434--434
[]|$\OT1/cmr/m/n/5 0\OML/cmm/m/it/5 :\OT1/cmr/m/n/5 2831$| 
 []


Overfull \hbox (0.91457pt too wide) in paragraph at lines 434--436
[]|$\OT1/cmr/m/n/5 2\OML/cmm/m/it/5 :\OT1/cmr/m/n/5 24%$| 
 []


Overfull \hbox (1.39903pt too wide) in paragraph at lines 441--441
 []|[]| 
 []


Overfull \hbox (5.07948pt too wide) in paragraph at lines 441--441
[]|$\OT1/cmr/m/n/5 0\OML/cmm/m/it/5 :\OT1/cmr/m/n/5 8732$| 
 []


Overfull \hbox (5.07948pt too wide) in paragraph at lines 441--441
[]|$\OT1/cmr/m/n/5 0\OML/cmm/m/it/5 :\OT1/cmr/m/n/5 4742$| 
 []


Overfull \hbox (5.07948pt too wide) in paragraph at lines 441--441
[]|$\OT1/cmr/m/n/5 0\OML/cmm/m/it/5 :\OT1/cmr/m/n/5 7156$| 
 []


Overfull \hbox (5.07948pt too wide) in paragraph at lines 441--441
[]|$\OT1/cmr/m/n/5 0\OML/cmm/m/it/5 :\OT1/cmr/m/n/5 6368$| 
 []


Overfull \hbox (5.07948pt too wide) in paragraph at lines 441--441
[]|$\OT1/cmr/m/n/5 0\OML/cmm/m/it/5 :\OT1/cmr/m/n/5 4569$| 
 []


Overfull \hbox (5.07948pt too wide) in paragraph at lines 443--443
[]|$\OT1/cmr/m/n/5 0\OML/cmm/m/it/5 :\OT1/cmr/m/n/5 8966$| 
 []


Overfull \hbox (0.91457pt too wide) in paragraph at lines 443--443
[]|$\OT1/cmr/m/n/5 2\OML/cmm/m/it/5 :\OT1/cmr/m/n/5 67%$| 
 []


Overfull \hbox (5.07948pt too wide) in paragraph at lines 443--443
[]|$\OT1/cmr/m/n/5 0\OML/cmm/m/it/5 :\OT1/cmr/m/n/5 5166$| 
 []


Overfull \hbox (0.91457pt too wide) in paragraph at lines 443--443
[]|$\OT1/cmr/m/n/5 8\OML/cmm/m/it/5 :\OT1/cmr/m/n/5 94%$| 
 []


Overfull \hbox (5.07948pt too wide) in paragraph at lines 443--443
[]|$\OT1/cmr/m/n/5 0\OML/cmm/m/it/5 :\OT1/cmr/m/n/5 7882$| 
 []


Overfull \hbox (4.3174pt too wide) in paragraph at lines 443--443
[]|$\OT1/cmr/m/n/5 10\OML/cmm/m/it/5 :\OT1/cmr/m/n/5 14%$| 
 []


Overfull \hbox (5.07948pt too wide) in paragraph at lines 443--443
[]|$\OT1/cmr/m/n/5 0\OML/cmm/m/it/5 :\OT1/cmr/m/n/5 7112$| 
 []


Overfull \hbox (4.3174pt too wide) in paragraph at lines 443--443
[]|$\OT1/cmr/m/n/5 11\OML/cmm/m/it/5 :\OT1/cmr/m/n/5 69%$| 
 []


Overfull \hbox (5.07948pt too wide) in paragraph at lines 443--443
[]|$\OT1/cmr/m/n/5 0\OML/cmm/m/it/5 :\OT1/cmr/m/n/5 4786$| 
 []


Overfull \hbox (0.91457pt too wide) in paragraph at lines 443--445
[]|$\OT1/cmr/m/n/5 4\OML/cmm/m/it/5 :\OT1/cmr/m/n/5 76%$| 
 []


Overfull \hbox (5.07948pt too wide) in paragraph at lines 445--445
[]|$\OT1/cmr/m/n/5 0\OML/cmm/m/it/5 :\OT1/cmr/m/n/5 8934$| 
 []


Overfull \hbox (5.07948pt too wide) in paragraph at lines 445--445
[]|$\OT1/cmr/m/n/5 0\OML/cmm/m/it/5 :\OT1/cmr/m/n/5 5019$| 
 []


Overfull \hbox (5.07948pt too wide) in paragraph at lines 445--445
[]|$\OT1/cmr/m/n/5 0\OML/cmm/m/it/5 :\OT1/cmr/m/n/5 7639$| 
 []


Overfull \hbox (5.07948pt too wide) in paragraph at lines 445--445
[]|$\OT1/cmr/m/n/5 0\OML/cmm/m/it/5 :\OT1/cmr/m/n/5 6821$| 
 []


Overfull \hbox (5.07948pt too wide) in paragraph at lines 445--445
[]|$\OT1/cmr/m/n/5 0\OML/cmm/m/it/5 :\OT1/cmr/m/n/5 4711$| 
 []


Overfull \hbox (5.07948pt too wide) in paragraph at lines 447--447
[]|$\OT1/cmr/m/n/5 0\OML/cmm/m/it/5 :\OT1/cmr/m/n/5 9034$| 
 []


Overfull \hbox (0.91457pt too wide) in paragraph at lines 447--447
[]|$\OT1/cmr/m/n/5 1\OML/cmm/m/it/5 :\OT1/cmr/m/n/5 12%$| 
 []


Overfull \hbox (5.07948pt too wide) in paragraph at lines 447--447
[]|$\OT1/cmr/m/n/5 0\OML/cmm/m/it/5 :\OT1/cmr/m/n/5 5149$| 
 []


Overfull \hbox (0.91457pt too wide) in paragraph at lines 447--447
[]|$\OT1/cmr/m/n/5 2\OML/cmm/m/it/5 :\OT1/cmr/m/n/5 59%$| 
 []


Overfull \hbox (5.07948pt too wide) in paragraph at lines 447--447
[]|$\OT1/cmr/m/n/5 0\OML/cmm/m/it/5 :\OT1/cmr/m/n/5 7854$| 
 []


Overfull \hbox (0.91457pt too wide) in paragraph at lines 447--447
[]|$\OT1/cmr/m/n/5 2\OML/cmm/m/it/5 :\OT1/cmr/m/n/5 82%$| 
 []


Overfull \hbox (5.07948pt too wide) in paragraph at lines 447--447
[]|$\OT1/cmr/m/n/5 0\OML/cmm/m/it/5 :\OT1/cmr/m/n/5 7057$| 
 []


Overfull \hbox (0.91457pt too wide) in paragraph at lines 447--447
[]|$\OT1/cmr/m/n/5 3\OML/cmm/m/it/5 :\OT1/cmr/m/n/5 46%$| 
 []


Overfull \hbox (5.07948pt too wide) in paragraph at lines 447--447
[]|$\OT1/cmr/m/n/5 0\OML/cmm/m/it/5 :\OT1/cmr/m/n/5 4777$| 
 []


Overfull \hbox (0.91457pt too wide) in paragraph at lines 447--449
[]|$\OT1/cmr/m/n/5 1\OML/cmm/m/it/5 :\OT1/cmr/m/n/5 39%$| 
 []


Overfull \hbox (5.07948pt too wide) in paragraph at lines 449--449
[]|$\OT1/cmr/m/n/5 0\OML/cmm/m/it/5 :\OT1/cmr/m/n/5 8405$| 
 []


Overfull \hbox (5.07948pt too wide) in paragraph at lines 449--449
[]|$\OT1/cmr/m/n/5 0\OML/cmm/m/it/5 :\OT1/cmr/m/n/5 4379$| 
 []


Overfull \hbox (5.07948pt too wide) in paragraph at lines 449--449
[]|$\OT1/cmr/m/n/5 0\OML/cmm/m/it/5 :\OT1/cmr/m/n/5 6541$| 
 []


Overfull \hbox (5.07948pt too wide) in paragraph at lines 449--449
[]|$\OT1/cmr/m/n/5 0\OML/cmm/m/it/5 :\OT1/cmr/m/n/5 5685$| 
 []


Overfull \hbox (5.07948pt too wide) in paragraph at lines 449--449
[]|$\OT1/cmr/m/n/5 0\OML/cmm/m/it/5 :\OT1/cmr/m/n/5 4374$| 
 []


Overfull \hbox (5.07948pt too wide) in paragraph at lines 451--451
[]|$\OT1/cmr/m/n/5 0\OML/cmm/m/it/5 :\OT1/cmr/m/n/5 8839$| 
 []


Overfull \hbox (0.91457pt too wide) in paragraph at lines 451--451
[]|$\OT1/cmr/m/n/5 5\OML/cmm/m/it/5 :\OT1/cmr/m/n/5 15%$| 
 []


Overfull \hbox (5.07948pt too wide) in paragraph at lines 451--451
[]|$\OT1/cmr/m/n/5 0\OML/cmm/m/it/5 :\OT1/cmr/m/n/5 5445$| 
 []


Overfull \hbox (4.3174pt too wide) in paragraph at lines 451--451
[]|$\OT1/cmr/m/n/5 24\OML/cmm/m/it/5 :\OT1/cmr/m/n/5 34%$| 
 []


Overfull \hbox (5.07948pt too wide) in paragraph at lines 451--451
[]|$\OT1/cmr/m/n/5 0\OML/cmm/m/it/5 :\OT1/cmr/m/n/5 7987$| 
 []


Overfull \hbox (4.3174pt too wide) in paragraph at lines 451--451
[]|$\OT1/cmr/m/n/5 22\OML/cmm/m/it/5 :\OT1/cmr/m/n/5 11%$| 
 []


Overfull \hbox (5.07948pt too wide) in paragraph at lines 451--451
[]|$\OT1/cmr/m/n/5 0\OML/cmm/m/it/5 :\OT1/cmr/m/n/5 6825$| 
 []


Overfull \hbox (4.3174pt too wide) in paragraph at lines 451--451
[]|$\OT1/cmr/m/n/5 20\OML/cmm/m/it/5 :\OT1/cmr/m/n/5 06%$| 
 []


Overfull \hbox (5.07948pt too wide) in paragraph at lines 451--451
[]|$\OT1/cmr/m/n/5 0\OML/cmm/m/it/5 :\OT1/cmr/m/n/5 5362$| 
 []


Overfull \hbox (4.3174pt too wide) in paragraph at lines 451--453
[]|$\OT1/cmr/m/n/5 22\OML/cmm/m/it/5 :\OT1/cmr/m/n/5 59%$| 
 []


Overfull \hbox (3.41504pt too wide) in paragraph at lines 404--458
 [] 
 []

[2] [3] [4] [5] (I:\GithubCodes\LaTeXFile\LaTeXFile\table.aux)

LaTeX Warning: There were multiply-defined labels.

 ) 
Here is how much of TeX's memory you used:
 2076 strings out of 495354
 25497 string characters out of 3183860
 189640 words of memory out of 3000000
 5216 multiletter control sequences out of 15000+200000
 22636 words of font info for 58 fonts, out of 3000000 for 9000
 14 hyphenation exceptions out of 8191
 27i,15n,23p,342b,314s stack positions out of 5000i,500n,10000p,200000b,50000s
{C:/CTEX/MiKTeX/fonts/enc/dvips/fontname/8r.enc}<C:/CTEX/MiKTeX/fonts/type1/p
ublic/amsfonts/cm/cmbx10.pfb><C:/CTEX/MiKTeX/fonts/type1/public/amsfonts/cm/cmm
i10.pfb><C:/CTEX/MiKTeX/fonts/type1/public/amsfonts/cm/cmmi5.pfb><C:/CTEX/MiKTe
X/fonts/type1/public/amsfonts/cm/cmmi7.pfb><C:/CTEX/MiKTeX/fonts/type1/public/a
msfonts/cm/cmr10.pfb><C:/CTEX/MiKTeX/fonts/type1/public/amsfonts/cm/cmr5.pfb><C
:/CTEX/MiKTeX/fonts/type1/public/amsfonts/cm/cmsy10.pfb><C:/CTEX/MiKTeX/fonts/t
ype1/public/amsfonts/cm/cmsy5.pfb><C:/CTEX/MiKTeX/fonts/type1/urw/times/utmb8a.
pfb><C:/CTEX/MiKTeX/fonts/type1/urw/times/utmr8a.pfb>
Output written on table.pdf (5 pages, 114554 bytes).
PDF statistics:
 59 PDF objects out of 1000 (max. 8388607)
 0 named destinations out of 1000 (max. 500000)
 1 words of extra memory for PDF output out of 10000 (max. 10000000)

